{"C:\\Users\\felix\\repos\\reactAQ\\enzymeSetup.js": {"path":"C:\\Users\\felix\\repos\\reactAQ\\enzymeSetup.js","statementMap":{"0":{"start":{"line":4,"column":0},"end":{"line":4,"column":38}}},"fnMap":{},"branchMap":{},"s":{"0":1},"f":{},"b":{},"_coverageSchema":"332fd63041d2c1bcb487cc26dd0d5f7d97098a6c","hash":"574f4d1ae85d5f9619f8e5e4e2f340bac748d966"}
,"C:\\Users\\felix\\repos\\reactAQ\\app\\screen\\SideBar.js": {"path":"C:\\Users\\felix\\repos\\reactAQ\\app\\screen\\SideBar.js","statementMap":{"0":{"start":{"line":7,"column":4},"end":{"line":39,"column":6}}},"fnMap":{"0":{"name":"(anonymous_0)","decl":{"start":{"line":6,"column":2},"end":{"line":6,"column":3}},"loc":{"start":{"line":6,"column":11},"end":{"line":40,"column":3}},"line":6}},"branchMap":{},"s":{"0":1},"f":{"0":1},"b":{},"_coverageSchema":"332fd63041d2c1bcb487cc26dd0d5f7d97098a6c","hash":"642be127071de07ca18453be9c42f9cfca34905d"}
}
