{"C:\\Users\\felix\\repos\\reactAQ\\app\\actions\\offline.js": {"path":"C:\\Users\\felix\\repos\\reactAQ\\app\\actions\\offline.js","statementMap":{"0":{"start":{"line":8,"column":34},"end":{"line":8,"column":54}},"1":{"start":{"line":9,"column":34},"end":{"line":9,"column":54}},"2":{"start":{"line":10,"column":37},"end":{"line":10,"column":60}},"3":{"start":{"line":11,"column":36},"end":{"line":11,"column":58}},"4":{"start":{"line":13,"column":27},"end":{"line":21,"column":1}},"5":{"start":{"line":24,"column":2},"end":{"line":24,"column":63}},"6":{"start":{"line":28,"column":2},"end":{"line":28,"column":63}},"7":{"start":{"line":32,"column":2},"end":{"line":32,"column":66}},"8":{"start":{"line":36,"column":2},"end":{"line":36,"column":65}},"9":{"start":{"line":40,"column":2},"end":{"line":73,"column":4}},"10":{"start":{"line":41,"column":29},"end":{"line":41,"column":87}},"11":{"start":{"line":43,"column":4},"end":{"line":72,"column":7}},"12":{"start":{"line":44,"column":21},"end":{"line":44,"column":46}},"13":{"start":{"line":46,"column":20},"end":{"line":46,"column":22}},"14":{"start":{"line":47,"column":20},"end":{"line":47,"column":22}},"15":{"start":{"line":48,"column":6},"end":{"line":57,"column":7}},"16":{"start":{"line":49,"column":8},"end":{"line":49,"column":20}},"17":{"start":{"line":50,"column":8},"end":{"line":50,"column":20}},"18":{"start":{"line":51,"column":13},"end":{"line":57,"column":7}},"19":{"start":{"line":52,"column":8},"end":{"line":52,"column":21}},"20":{"start":{"line":53,"column":8},"end":{"line":53,"column":21}},"21":{"start":{"line":54,"column":13},"end":{"line":57,"column":7}},"22":{"start":{"line":55,"column":8},"end":{"line":55,"column":21}},"23":{"start":{"line":56,"column":8},"end":{"line":56,"column":21}},"24":{"start":{"line":59,"column":6},"end":{"line":71,"column":8}},"25":{"start":{"line":77,"column":2},"end":{"line":109,"column":4}},"26":{"start":{"line":78,"column":4},"end":{"line":78,"column":49}},"27":{"start":{"line":80,"column":29},"end":{"line":81,"column":58}},"28":{"start":{"line":81,"column":6},"end":{"line":81,"column":58}},"29":{"start":{"line":82,"column":26},"end":{"line":82,"column":94}},"30":{"start":{"line":82,"column":48},"end":{"line":82,"column":94}},"31":{"start":{"line":84,"column":4},"end":{"line":108,"column":9}},"32":{"start":{"line":88,"column":8},"end":{"line":104,"column":9}},"33":{"start":{"line":89,"column":10},"end":{"line":103,"column":13}},"34":{"start":{"line":90,"column":32},"end":{"line":90,"column":55}},"35":{"start":{"line":92,"column":12},"end":{"line":92,"column":90}},"36":{"start":{"line":94,"column":12},"end":{"line":102,"column":17}},"37":{"start":{"line":97,"column":16},"end":{"line":97,"column":36}},"38":{"start":{"line":98,"column":16},"end":{"line":98,"column":34}},"39":{"start":{"line":101,"column":16},"end":{"line":101,"column":44}},"40":{"start":{"line":107,"column":8},"end":{"line":107,"column":36}},"41":{"start":{"line":113,"column":2},"end":{"line":130,"column":4}},"42":{"start":{"line":114,"column":4},"end":{"line":114,"column":44}},"43":{"start":{"line":116,"column":4},"end":{"line":116,"column":93}},"44":{"start":{"line":118,"column":29},"end":{"line":119,"column":58}},"45":{"start":{"line":119,"column":6},"end":{"line":119,"column":58}},"46":{"start":{"line":120,"column":26},"end":{"line":120,"column":94}},"47":{"start":{"line":120,"column":48},"end":{"line":120,"column":94}},"48":{"start":{"line":122,"column":20},"end":{"line":128,"column":5}},"49":{"start":{"line":129,"column":4},"end":{"line":129,"column":79}},"50":{"start":{"line":134,"column":2},"end":{"line":145,"column":4}},"51":{"start":{"line":135,"column":4},"end":{"line":135,"column":50}},"52":{"start":{"line":137,"column":4},"end":{"line":137,"column":88}},"53":{"start":{"line":139,"column":4},"end":{"line":144,"column":6}},"54":{"start":{"line":149,"column":2},"end":{"line":153,"column":4}},"55":{"start":{"line":150,"column":4},"end":{"line":150,"column":32}},"56":{"start":{"line":152,"column":4},"end":{"line":152,"column":82}},"57":{"start":{"line":157,"column":2},"end":{"line":161,"column":4}},"58":{"start":{"line":158,"column":4},"end":{"line":158,"column":31}},"59":{"start":{"line":160,"column":4},"end":{"line":160,"column":80}},"60":{"start":{"line":165,"column":2},"end":{"line":181,"column":4}},"61":{"start":{"line":169,"column":28},"end":{"line":169,"column":47}},"62":{"start":{"line":171,"column":4},"end":{"line":176,"column":6}},"63":{"start":{"line":178,"column":4},"end":{"line":180,"column":83}},"64":{"start":{"line":179,"column":6},"end":{"line":179,"column":79}},"65":{"start":{"line":180,"column":9},"end":{"line":180,"column":83}},"66":{"start":{"line":185,"column":2},"end":{"line":198,"column":4}},"67":{"start":{"line":188,"column":19},"end":{"line":188,"column":47}},"68":{"start":{"line":190,"column":4},"end":{"line":190,"column":72}},"69":{"start":{"line":192,"column":4},"end":{"line":197,"column":6}}},"fnMap":{"0":{"name":"addOfflineRegion","decl":{"start":{"line":23,"column":16},"end":{"line":23,"column":32}},"loc":{"start":{"line":23,"column":50},"end":{"line":25,"column":1}},"line":23},"1":{"name":"updateMapStatus","decl":{"start":{"line":27,"column":9},"end":{"line":27,"column":24}},"loc":{"start":{"line":27,"column":42},"end":{"line":29,"column":1}},"line":27},"2":{"name":"updateOfflineRegion","decl":{"start":{"line":31,"column":9},"end":{"line":31,"column":28}},"loc":{"start":{"line":31,"column":46},"end":{"line":33,"column":1}},"line":31},"3":{"name":"updateOfflineError","decl":{"start":{"line":35,"column":9},"end":{"line":35,"column":27}},"loc":{"start":{"line":35,"column":45},"end":{"line":37,"column":1}},"line":35},"4":{"name":"populateOfflineRegionsToStore","decl":{"start":{"line":39,"column":16},"end":{"line":39,"column":45}},"loc":{"start":{"line":39,"column":48},"end":{"line":74,"column":1}},"line":39},"5":{"name":"(anonymous_5)","decl":{"start":{"line":40,"column":9},"end":{"line":40,"column":10}},"loc":{"start":{"line":40,"column":21},"end":{"line":73,"column":3}},"line":40},"6":{"name":"(anonymous_6)","decl":{"start":{"line":43,"column":34},"end":{"line":43,"column":35}},"loc":{"start":{"line":43,"column":45},"end":{"line":72,"column":5}},"line":43},"7":{"name":"subscribeLocalOfflinePacksToStore","decl":{"start":{"line":76,"column":16},"end":{"line":76,"column":49}},"loc":{"start":{"line":76,"column":52},"end":{"line":110,"column":1}},"line":76},"8":{"name":"(anonymous_8)","decl":{"start":{"line":77,"column":9},"end":{"line":77,"column":10}},"loc":{"start":{"line":77,"column":21},"end":{"line":109,"column":3}},"line":77},"9":{"name":"(anonymous_9)","decl":{"start":{"line":80,"column":29},"end":{"line":80,"column":30}},"loc":{"start":{"line":81,"column":6},"end":{"line":81,"column":58}},"line":81},"10":{"name":"(anonymous_10)","decl":{"start":{"line":82,"column":26},"end":{"line":82,"column":27}},"loc":{"start":{"line":82,"column":48},"end":{"line":82,"column":94}},"line":82},"11":{"name":"(anonymous_11)","decl":{"start":{"line":86,"column":12},"end":{"line":86,"column":13}},"loc":{"start":{"line":86,"column":21},"end":{"line":105,"column":7}},"line":86},"12":{"name":"(anonymous_12)","decl":{"start":{"line":89,"column":33},"end":{"line":89,"column":34}},"loc":{"start":{"line":89,"column":39},"end":{"line":103,"column":11}},"line":89},"13":{"name":"(anonymous_13)","decl":{"start":{"line":96,"column":20},"end":{"line":96,"column":21}},"loc":{"start":{"line":96,"column":26},"end":{"line":99,"column":15}},"line":96},"14":{"name":"(anonymous_14)","decl":{"start":{"line":100,"column":21},"end":{"line":100,"column":22}},"loc":{"start":{"line":100,"column":28},"end":{"line":102,"column":15}},"line":100},"15":{"name":"(anonymous_15)","decl":{"start":{"line":106,"column":13},"end":{"line":106,"column":14}},"loc":{"start":{"line":106,"column":20},"end":{"line":108,"column":7}},"line":106},"16":{"name":"startMapDownload","decl":{"start":{"line":112,"column":16},"end":{"line":112,"column":32}},"loc":{"start":{"line":112,"column":39},"end":{"line":131,"column":1}},"line":112},"17":{"name":"(anonymous_17)","decl":{"start":{"line":113,"column":9},"end":{"line":113,"column":10}},"loc":{"start":{"line":113,"column":21},"end":{"line":130,"column":3}},"line":113},"18":{"name":"(anonymous_18)","decl":{"start":{"line":118,"column":29},"end":{"line":118,"column":30}},"loc":{"start":{"line":119,"column":6},"end":{"line":119,"column":58}},"line":119},"19":{"name":"(anonymous_19)","decl":{"start":{"line":120,"column":26},"end":{"line":120,"column":27}},"loc":{"start":{"line":120,"column":48},"end":{"line":120,"column":94}},"line":120},"20":{"name":"deleteMap","decl":{"start":{"line":133,"column":16},"end":{"line":133,"column":25}},"loc":{"start":{"line":133,"column":32},"end":{"line":146,"column":1}},"line":133},"21":{"name":"(anonymous_21)","decl":{"start":{"line":134,"column":9},"end":{"line":134,"column":10}},"loc":{"start":{"line":134,"column":21},"end":{"line":145,"column":3}},"line":134},"22":{"name":"resumePack","decl":{"start":{"line":148,"column":16},"end":{"line":148,"column":26}},"loc":{"start":{"line":148,"column":33},"end":{"line":154,"column":1}},"line":148},"23":{"name":"(anonymous_23)","decl":{"start":{"line":149,"column":9},"end":{"line":149,"column":10}},"loc":{"start":{"line":149,"column":21},"end":{"line":153,"column":3}},"line":149},"24":{"name":"pausePack","decl":{"start":{"line":156,"column":16},"end":{"line":156,"column":25}},"loc":{"start":{"line":156,"column":32},"end":{"line":162,"column":1}},"line":156},"25":{"name":"(anonymous_25)","decl":{"start":{"line":157,"column":9},"end":{"line":157,"column":10}},"loc":{"start":{"line":157,"column":21},"end":{"line":161,"column":3}},"line":157},"26":{"name":"onMapDownloadProgress","decl":{"start":{"line":164,"column":9},"end":{"line":164,"column":30}},"loc":{"start":{"line":164,"column":67},"end":{"line":182,"column":1}},"line":164},"27":{"name":"(anonymous_27)","decl":{"start":{"line":165,"column":9},"end":{"line":165,"column":10}},"loc":{"start":{"line":165,"column":27},"end":{"line":181,"column":3}},"line":165},"28":{"name":"onMapDownloadError","decl":{"start":{"line":184,"column":9},"end":{"line":184,"column":27}},"loc":{"start":{"line":184,"column":52},"end":{"line":199,"column":1}},"line":184},"29":{"name":"(anonymous_29)","decl":{"start":{"line":185,"column":9},"end":{"line":185,"column":10}},"loc":{"start":{"line":185,"column":27},"end":{"line":198,"column":3}},"line":185}},"branchMap":{"0":{"loc":{"start":{"line":48,"column":6},"end":{"line":57,"column":7}},"type":"if","locations":[{"start":{"line":48,"column":6},"end":{"line":57,"column":7}},{"start":{"line":48,"column":6},"end":{"line":57,"column":7}}],"line":48},"1":{"loc":{"start":{"line":51,"column":13},"end":{"line":57,"column":7}},"type":"if","locations":[{"start":{"line":51,"column":13},"end":{"line":57,"column":7}},{"start":{"line":51,"column":13},"end":{"line":57,"column":7}}],"line":51},"2":{"loc":{"start":{"line":54,"column":13},"end":{"line":57,"column":7}},"type":"if","locations":[{"start":{"line":54,"column":13},"end":{"line":57,"column":7}},{"start":{"line":54,"column":13},"end":{"line":57,"column":7}}],"line":54},"3":{"loc":{"start":{"line":178,"column":4},"end":{"line":180,"column":83}},"type":"if","locations":[{"start":{"line":178,"column":4},"end":{"line":180,"column":83}},{"start":{"line":178,"column":4},"end":{"line":180,"column":83}}],"line":178}},"s":{"0":1,"1":1,"2":1,"3":1,"4":1,"5":1,"6":0,"7":0,"8":0,"9":0,"10":0,"11":0,"12":0,"13":0,"14":0,"15":0,"16":0,"17":0,"18":0,"19":0,"20":0,"21":0,"22":0,"23":0,"24":0,"25":0,"26":0,"27":0,"28":0,"29":0,"30":0,"31":0,"32":0,"33":0,"34":0,"35":0,"36":0,"37":0,"38":0,"39":0,"40":0,"41":0,"42":0,"43":0,"44":0,"45":0,"46":0,"47":0,"48":0,"49":0,"50":0,"51":0,"52":0,"53":0,"54":0,"55":0,"56":0,"57":0,"58":0,"59":0,"60":0,"61":0,"62":0,"63":0,"64":0,"65":0,"66":0,"67":0,"68":0,"69":0},"f":{"0":1,"1":0,"2":0,"3":0,"4":0,"5":0,"6":0,"7":0,"8":0,"9":0,"10":0,"11":0,"12":0,"13":0,"14":0,"15":0,"16":0,"17":0,"18":0,"19":0,"20":0,"21":0,"22":0,"23":0,"24":0,"25":0,"26":0,"27":0,"28":0,"29":0},"b":{"0":[0,0],"1":[0,0],"2":[0,0],"3":[0,0]},"_coverageSchema":"332fd63041d2c1bcb487cc26dd0d5f7d97098a6c","hash":"bc0f0ef544376f9659978176c5d40a9707906ec5"}
,"C:\\Users\\felix\\repos\\reactAQ\\app\\actions\\rapports.js": {"path":"C:\\Users\\felix\\repos\\reactAQ\\app\\actions\\rapports.js","statementMap":{"0":{"start":{"line":1,"column":27},"end":{"line":1,"column":40}},"1":{"start":{"line":4,"column":2},"end":{"line":4,"column":40}}},"fnMap":{"0":{"name":"addRapport","decl":{"start":{"line":3,"column":16},"end":{"line":3,"column":26}},"loc":{"start":{"line":3,"column":36},"end":{"line":5,"column":1}},"line":3}},"branchMap":{},"s":{"0":1,"1":1},"f":{"0":1},"b":{},"_coverageSchema":"332fd63041d2c1bcb487cc26dd0d5f7d97098a6c","hash":"a2b1cbc85a34c682c0747faa85bec8e6ea366e52"}
,"C:\\Users\\felix\\repos\\reactAQ\\app\\lib\\geojsonManager.js": {"path":"C:\\Users\\felix\\repos\\reactAQ\\app\\lib\\geojsonManager.js","statementMap":{"0":{"start":{"line":8,"column":2},"end":{"line":8,"column":38}},"1":{"start":{"line":10,"column":2},"end":{"line":23,"column":5}},"2":{"start":{"line":11,"column":4},"end":{"line":21,"column":5}},"3":{"start":{"line":12,"column":14},"end":{"line":12,"column":37}},"4":{"start":{"line":14,"column":6},"end":{"line":20,"column":7}},"5":{"start":{"line":15,"column":16},"end":{"line":15,"column":36}},"6":{"start":{"line":16,"column":16},"end":{"line":16,"column":34}},"7":{"start":{"line":17,"column":8},"end":{"line":17,"column":31}},"8":{"start":{"line":19,"column":8},"end":{"line":19,"column":39}},"9":{"start":{"line":22,"column":4},"end":{"line":22,"column":16}},"10":{"start":{"line":25,"column":2},"end":{"line":25,"column":60}},"11":{"start":{"line":27,"column":2},"end":{"line":27,"column":97}},"12":{"start":{"line":31,"column":10},"end":{"line":31,"column":33}},"13":{"start":{"line":33,"column":20},"end":{"line":33,"column":77}},"14":{"start":{"line":34,"column":19},"end":{"line":34,"column":77}},"15":{"start":{"line":36,"column":16},"end":{"line":36,"column":44}},"16":{"start":{"line":38,"column":21},"end":{"line":38,"column":80}},"17":{"start":{"line":39,"column":22},"end":{"line":39,"column":81}},"18":{"start":{"line":41,"column":2},"end":{"line":41,"column":63}},"19":{"start":{"line":45,"column":2},"end":{"line":45,"column":41}},"20":{"start":{"line":47,"column":2},"end":{"line":47,"column":64}},"21":{"start":{"line":49,"column":2},"end":{"line":49,"column":25}},"22":{"start":{"line":51,"column":2},"end":{"line":51,"column":14}},"23":{"start":{"line":55,"column":27},"end":{"line":55,"column":70}},"24":{"start":{"line":57,"column":2},"end":{"line":59,"column":5}},"25":{"start":{"line":58,"column":4},"end":{"line":58,"column":81}},"26":{"start":{"line":58,"column":44},"end":{"line":58,"column":81}},"27":{"start":{"line":61,"column":2},"end":{"line":61,"column":26}},"28":{"start":{"line":65,"column":27},"end":{"line":65,"column":70}},"29":{"start":{"line":67,"column":2},"end":{"line":69,"column":5}},"30":{"start":{"line":68,"column":4},"end":{"line":68,"column":125}},"31":{"start":{"line":68,"column":88},"end":{"line":68,"column":125}},"32":{"start":{"line":73,"column":2},"end":{"line":73,"column":26}},"33":{"start":{"line":77,"column":29},"end":{"line":81,"column":3}},"34":{"start":{"line":78,"column":4},"end":{"line":78,"column":91}},"35":{"start":{"line":78,"column":36},"end":{"line":78,"column":91}},"36":{"start":{"line":78,"column":79},"end":{"line":78,"column":91}},"37":{"start":{"line":80,"column":4},"end":{"line":80,"column":17}},"38":{"start":{"line":82,"column":28},"end":{"line":82,"column":62}},"39":{"start":{"line":82,"column":36},"end":{"line":82,"column":62}},"40":{"start":{"line":84,"column":2},"end":{"line":84,"column":85}}},"fnMap":{"0":{"name":"prepareGeojsonData","decl":{"start":{"line":7,"column":16},"end":{"line":7,"column":34}},"loc":{"start":{"line":7,"column":37},"end":{"line":28,"column":1}},"line":7},"1":{"name":"(anonymous_1)","decl":{"start":{"line":10,"column":33},"end":{"line":10,"column":34}},"loc":{"start":{"line":10,"column":41},"end":{"line":23,"column":3}},"line":10},"2":{"name":"addArrowToLigne","decl":{"start":{"line":30,"column":16},"end":{"line":30,"column":31}},"loc":{"start":{"line":30,"column":38},"end":{"line":52,"column":1}},"line":30},"3":{"name":"getSourceData","decl":{"start":{"line":54,"column":16},"end":{"line":54,"column":29}},"loc":{"start":{"line":54,"column":55},"end":{"line":62,"column":1}},"line":54},"4":{"name":"(anonymous_4)","decl":{"start":{"line":57,"column":25},"end":{"line":57,"column":26}},"loc":{"start":{"line":57,"column":33},"end":{"line":59,"column":3}},"line":57},"5":{"name":"getBoundingBoxFromGroupe","decl":{"start":{"line":64,"column":16},"end":{"line":64,"column":40}},"loc":{"start":{"line":64,"column":66},"end":{"line":74,"column":1}},"line":64},"6":{"name":"(anonymous_6)","decl":{"start":{"line":67,"column":25},"end":{"line":67,"column":26}},"loc":{"start":{"line":67,"column":33},"end":{"line":69,"column":3}},"line":67},"7":{"name":"getGroupeNameFromFeatures","decl":{"start":{"line":76,"column":16},"end":{"line":76,"column":41}},"loc":{"start":{"line":76,"column":60},"end":{"line":85,"column":1}},"line":76},"8":{"name":"(anonymous_8)","decl":{"start":{"line":77,"column":29},"end":{"line":77,"column":30}},"loc":{"start":{"line":77,"column":37},"end":{"line":81,"column":3}},"line":77},"9":{"name":"(anonymous_9)","decl":{"start":{"line":82,"column":28},"end":{"line":82,"column":29}},"loc":{"start":{"line":82,"column":36},"end":{"line":82,"column":62}},"line":82}},"branchMap":{"0":{"loc":{"start":{"line":11,"column":4},"end":{"line":21,"column":5}},"type":"if","locations":[{"start":{"line":11,"column":4},"end":{"line":21,"column":5}},{"start":{"line":11,"column":4},"end":{"line":21,"column":5}}],"line":11},"1":{"loc":{"start":{"line":58,"column":4},"end":{"line":58,"column":81}},"type":"if","locations":[{"start":{"line":58,"column":4},"end":{"line":58,"column":81}},{"start":{"line":58,"column":4},"end":{"line":58,"column":81}}],"line":58},"2":{"loc":{"start":{"line":68,"column":4},"end":{"line":68,"column":125}},"type":"if","locations":[{"start":{"line":68,"column":4},"end":{"line":68,"column":125}},{"start":{"line":68,"column":4},"end":{"line":68,"column":125}}],"line":68},"3":{"loc":{"start":{"line":68,"column":8},"end":{"line":68,"column":86}},"type":"binary-expr","locations":[{"start":{"line":68,"column":8},"end":{"line":68,"column":42}},{"start":{"line":68,"column":46},"end":{"line":68,"column":86}}],"line":68},"4":{"loc":{"start":{"line":78,"column":4},"end":{"line":78,"column":91}},"type":"if","locations":[{"start":{"line":78,"column":4},"end":{"line":78,"column":91}},{"start":{"line":78,"column":4},"end":{"line":78,"column":91}}],"line":78},"5":{"loc":{"start":{"line":78,"column":36},"end":{"line":78,"column":91}},"type":"if","locations":[{"start":{"line":78,"column":36},"end":{"line":78,"column":91}},{"start":{"line":78,"column":36},"end":{"line":78,"column":91}}],"line":78}},"s":{"0":0,"1":0,"2":0,"3":0,"4":0,"5":0,"6":0,"7":0,"8":0,"9":0,"10":0,"11":0,"12":0,"13":0,"14":0,"15":0,"16":0,"17":0,"18":0,"19":0,"20":0,"21":0,"22":0,"23":0,"24":0,"25":0,"26":0,"27":0,"28":0,"29":0,"30":0,"31":0,"32":0,"33":0,"34":0,"35":0,"36":0,"37":0,"38":0,"39":0,"40":0},"f":{"0":0,"1":0,"2":0,"3":0,"4":0,"5":0,"6":0,"7":0,"8":0,"9":0},"b":{"0":[0,0],"1":[0,0],"2":[0,0],"3":[0,0],"4":[0,0],"5":[0,0]},"_coverageSchema":"332fd63041d2c1bcb487cc26dd0d5f7d97098a6c","hash":"84e50d4b0b8235255e575b7d115ec3886fc26f98"}
,"C:\\Users\\felix\\repos\\reactAQ\\app\\utils\\conf.js": {"path":"C:\\Users\\felix\\repos\\reactAQ\\app\\utils\\conf.js","statementMap":{"0":{"start":{"line":2,"column":2},"end":{"line":2,"column":101}},"1":{"start":{"line":4,"column":2},"end":{"line":4,"column":59}}},"fnMap":{},"branchMap":{},"s":{"0":1,"1":1},"f":{},"b":{},"_coverageSchema":"332fd63041d2c1bcb487cc26dd0d5f7d97098a6c","hash":"4388156654bb204bb5574883891a0a0587de6904"}
}
