TN:
SF:C:\Users\felix\repos\reactAQ\app\actions\offline.js
FN:23,addOfflineRegion
FN:27,updateMapStatus
FN:31,updateOfflineRegion
FN:35,updateOfflineError
FN:39,populateOfflineRegionsToStore
FN:40,(anonymous_5)
FN:43,(anonymous_6)
FN:76,subscribeLocalOfflinePacksToStore
FN:77,(anonymous_8)
FN:80,(anonymous_9)
FN:82,(anonymous_10)
FN:86,(anonymous_11)
FN:89,(anonymous_12)
FN:96,(anonymous_13)
FN:100,(anonymous_14)
FN:106,(anonymous_15)
FN:112,startMapDownload
FN:113,(anonymous_17)
FN:118,(anonymous_18)
FN:120,(anonymous_19)
FN:133,deleteMap
FN:134,(anonymous_21)
FN:148,resumePack
FN:149,(anonymous_23)
FN:156,pausePack
FN:157,(anonymous_25)
FN:164,onMapDownloadProgress
FN:165,(anonymous_27)
FN:184,onMapDownloadError
FN:185,(anonymous_29)
FNF:30
FNH:1
FNDA:1,addOfflineRegion
FNDA:0,updateMapStatus
FNDA:0,updateOfflineRegion
FNDA:0,updateOfflineError
FNDA:0,populateOfflineRegionsToStore
FNDA:0,(anonymous_5)
FNDA:0,(anonymous_6)
FNDA:0,subscribeLocalOfflinePacksToStore
FNDA:0,(anonymous_8)
FNDA:0,(anonymous_9)
FNDA:0,(anonymous_10)
FNDA:0,(anonymous_11)
FNDA:0,(anonymous_12)
FNDA:0,(anonymous_13)
FNDA:0,(anonymous_14)
FNDA:0,(anonymous_15)
FNDA:0,startMapDownload
FNDA:0,(anonymous_17)
FNDA:0,(anonymous_18)
FNDA:0,(anonymous_19)
FNDA:0,deleteMap
FNDA:0,(anonymous_21)
FNDA:0,resumePack
FNDA:0,(anonymous_23)
FNDA:0,pausePack
FNDA:0,(anonymous_25)
FNDA:0,onMapDownloadProgress
FNDA:0,(anonymous_27)
FNDA:0,onMapDownloadError
FNDA:0,(anonymous_29)
DA:8,1
DA:9,1
DA:10,1
DA:11,1
DA:13,1
DA:24,1
DA:28,0
DA:32,0
DA:36,0
DA:40,0
DA:41,0
DA:43,0
DA:44,0
DA:46,0
DA:47,0
DA:48,0
DA:49,0
DA:50,0
DA:51,0
DA:52,0
DA:53,0
DA:54,0
DA:55,0
DA:56,0
DA:59,0
DA:77,0
DA:78,0
DA:80,0
DA:81,0
DA:82,0
DA:84,0
DA:88,0
DA:89,0
DA:90,0
DA:92,0
DA:94,0
DA:97,0
DA:98,0
DA:101,0
DA:107,0
DA:113,0
DA:114,0
DA:116,0
DA:118,0
DA:119,0
DA:120,0
DA:122,0
DA:129,0
DA:134,0
DA:135,0
DA:137,0
DA:139,0
DA:149,0
DA:150,0
DA:152,0
DA:157,0
DA:158,0
DA:160,0
DA:165,0
DA:169,0
DA:171,0
DA:178,0
DA:179,0
DA:180,0
DA:185,0
DA:188,0
DA:190,0
DA:192,0
LF:68
LH:6
BRDA:48,0,0,0
BRDA:48,0,1,0
BRDA:51,1,0,0
BRDA:51,1,1,0
BRDA:54,2,0,0
BRDA:54,2,1,0
BRDA:178,3,0,0
BRDA:178,3,1,0
BRF:8
BRH:0
end_of_record
TN:
SF:C:\Users\felix\repos\reactAQ\app\actions\rapports.js
FN:3,addRapport
FNF:1
FNH:1
FNDA:1,addRapport
DA:1,1
DA:4,1
LF:2
LH:2
BRF:0
BRH:0
end_of_record
TN:
SF:C:\Users\felix\repos\reactAQ\app\lib\geojsonManager.js
FN:7,prepareGeojsonData
FN:10,(anonymous_1)
FN:30,addArrowToLigne
FN:54,getSourceData
FN:57,(anonymous_4)
FN:64,getBoundingBoxFromGroupe
FN:67,(anonymous_6)
FN:76,getGroupeNameFromFeatures
FN:77,(anonymous_8)
FN:82,(anonymous_9)
FNF:10
FNH:0
FNDA:0,prepareGeojsonData
FNDA:0,(anonymous_1)
FNDA:0,addArrowToLigne
FNDA:0,getSourceData
FNDA:0,(anonymous_4)
FNDA:0,getBoundingBoxFromGroupe
FNDA:0,(anonymous_6)
FNDA:0,getGroupeNameFromFeatures
FNDA:0,(anonymous_8)
FNDA:0,(anonymous_9)
DA:8,0
DA:10,0
DA:11,0
DA:12,0
DA:14,0
DA:15,0
DA:16,0
DA:17,0
DA:19,0
DA:22,0
DA:25,0
DA:27,0
DA:31,0
DA:33,0
DA:34,0
DA:36,0
DA:38,0
DA:39,0
DA:41,0
DA:45,0
DA:47,0
DA:49,0
DA:51,0
DA:55,0
DA:57,0
DA:58,0
DA:61,0
DA:65,0
DA:67,0
DA:68,0
DA:73,0
DA:77,0
DA:78,0
DA:80,0
DA:82,0
DA:84,0
LF:36
LH:0
BRDA:11,0,0,0
BRDA:11,0,1,0
BRDA:58,1,0,0
BRDA:58,1,1,0
BRDA:68,2,0,0
BRDA:68,2,1,0
BRDA:68,3,0,0
BRDA:68,3,1,0
BRDA:78,4,0,0
BRDA:78,4,1,0
BRDA:78,5,0,0
BRDA:78,5,1,0
BRF:12
BRH:0
end_of_record
TN:
SF:C:\Users\felix\repos\reactAQ\app\utils\conf.js
FNF:0
FNH:0
DA:2,1
DA:4,1
LF:2
LH:2
BRF:0
BRH:0
end_of_record
